{"level":"info","message":"Server running on port 5001 [development]","timestamp":"2026-04-26 07:36:35"}
{"level":"info","message":"Server running on port 5001 [development]","timestamp":"2026-04-26 07:54:47"}
{"level":"info","message":"[OTP] phone=9990000001 otp=6267 existingUser=false","timestamp":"2026-04-26 07:54:54"}
{"level":"info","message":"::1 - - [26/Apr/2026:02:24:54 +0000] \"POST /api/auth/generate-otp HTTP/1.1\" 200 82 \"-\" \"PostmanRuntime/7.53.0\"","timestamp":"2026-04-26 07:54:54"}
{"level":"error","message":"Invalid or expired OTP","method":"POST","path":"/api/auth/verify-otp","stack":"Error: Invalid or expired OTP\n    at Object.verifyOTP (/Users/bharatbhushan/Desktop/kirayedaar_nodejs/src/services/authService.js:39:24)\n    at process.processTicksAndRejections (node:internal/process/task_queues:105:5)\n    at async /Users/bharatbhushan/Desktop/kirayedaar_nodejs/src/controllers/authController.js:13:18","statusCode":400,"timestamp":"2026-04-26 07:55:02"}
{"level":"info","message":"::1 - - [26/Apr/2026:02:25:02 +0000] \"POST /api/auth/verify-otp HTTP/1.1\" 400 385 \"-\" \"PostmanRuntime/7.53.0\"","timestamp":"2026-04-26 07:55:02"}
{"level":"error","message":"Authorization token is missing or invalid","method":"GET","path":"/api/users/profile","stack":"Error: Authorization token is missing or invalid\n    at /Users/bharatbhushan/Desktop/kirayedaar_nodejs/src/middlewares/auth.js:12:11\n    at /Users/bharatbhushan/Desktop/kirayedaar_nodejs/src/utils/asyncHandler.js:5:19\n    at Layer.handle [as handle_request] (/Users/bharatbhushan/Desktop/kirayedaar_nodejs/node_modules/express/lib/router/layer.js:95:5)\n    at next (/Users/bharatbhushan/Desktop/kirayedaar_nodejs/node_modules/express/lib/router/route.js:149:13)\n    at Route.dispatch (/Users/bharatbhushan/Desktop/kirayedaar_nodejs/node_modules/express/lib/router/route.js:119:3)\n    at Layer.handle [as handle_request] (/Users/bharatbhushan/Desktop/kirayedaar_nodejs/node_modules/express/lib/router/layer.js:95:5)\n    at /Users/bharatbhushan/Desktop/kirayedaar_nodejs/node_modules/express/lib/router/index.js:284:15\n    at router.process_params (/Users/bharatbhushan/Desktop/kirayedaar_nodejs/node_modules/express/lib/router/index.js:346:12)\n    at next (/Users/bharatbhushan/Desktop/kirayedaar_nodejs/node_modules/express/lib/router/index.js:280:10)\n    at router.handle (/Users/bharatbhushan/Desktop/kirayedaar_nodejs/node_modules/express/lib/router/index.js:175:3)","statusCode":401,"timestamp":"2026-04-26 07:55:08"}
{"level":"info","message":"::1 - - [26/Apr/2026:02:25:08 +0000] \"GET /api/users/profile HTTP/1.1\" 401 1260 \"-\" \"PostmanRuntime/7.53.0\"","timestamp":"2026-04-26 07:55:08"}
{"level":"info","message":"[OTP] phone=9990000001 otp=8051 existingUser=false","timestamp":"2026-04-26 07:55:51"}
{"level":"info","message":"::1 - - [26/Apr/2026:02:25:51 +0000] \"POST /api/auth/generate-otp HTTP/1.1\" 200 82 \"-\" \"PostmanRuntime/7.53.0\"","timestamp":"2026-04-26 07:55:51"}
{"level":"info","message":"::1 - - [26/Apr/2026:02:26:14 +0000] \"POST /api/auth/verify-otp HTTP/1.1\" 200 123 \"-\" \"PostmanRuntime/7.53.0\"","timestamp":"2026-04-26 07:56:14"}
{"level":"info","message":"::1 - - [26/Apr/2026:02:28:28 +0000] \"POST /api/users/add-details HTTP/1.1\" 201 681 \"-\" \"PostmanRuntime/7.53.0\"","timestamp":"2026-04-26 07:58:28"}
{"level":"info","message":"::1 - - [26/Apr/2026:02:29:04 +0000] \"GET /api/users/profile HTTP/1.1\" 200 417 \"-\" \"PostmanRuntime/7.53.0\"","timestamp":"2026-04-26 07:59:04"}
{"level":"info","message":"::1 - - [26/Apr/2026:02:29:21 +0000] \"POST /api/property/add-property HTTP/1.1\" 201 482 \"-\" \"PostmanRuntime/7.53.0\"","timestamp":"2026-04-26 07:59:21"}
{"level":"info","message":"::1 - - [26/Apr/2026:02:29:23 +0000] \"POST /api/property/add-property HTTP/1.1\" 201 482 \"-\" \"PostmanRuntime/7.53.0\"","timestamp":"2026-04-26 07:59:23"}
{"level":"info","message":"Server running on port 5001 [development]","timestamp":"2026-04-26 08:00:20"}
{"level":"info","message":"Server running on port 5001 [development]","timestamp":"2026-04-26 08:00:24"}
{"level":"info","message":"Server running on port 5001 [development]","timestamp":"2026-04-26 08:00:29"}
{"level":"info","message":"Server running on port 5001 [development]","timestamp":"2026-04-26 08:00:33"}
{"level":"info","message":"Server running on port 5001 [development]","timestamp":"2026-04-26 08:48:36"}
{"level":"error","message":"\"message\" length must be at least 10 characters long","method":"POST","path":"/api/contact","stack":"Error: \"message\" length must be at least 10 characters long\n    at /Users/bharatbhushan/Desktop/kirayedaar_nodejs/src/middlewares/validate.js:11:17\n    at Layer.handle [as handle_request] (/Users/bharatbhushan/Desktop/kirayedaar_nodejs/node_modules/express/lib/router/layer.js:95:5)\n    at next (/Users/bharatbhushan/Desktop/kirayedaar_nodejs/node_modules/express/lib/router/route.js:149:13)\n    at Route.dispatch (/Users/bharatbhushan/Desktop/kirayedaar_nodejs/node_modules/express/lib/router/route.js:119:3)\n    at Layer.handle [as handle_request] (/Users/bharatbhushan/Desktop/kirayedaar_nodejs/node_modules/express/lib/router/layer.js:95:5)\n    at /Users/bharatbhushan/Desktop/kirayedaar_nodejs/node_modules/express/lib/router/index.js:284:15\n    at router.process_params (/Users/bharatbhushan/Desktop/kirayedaar_nodejs/node_modules/express/lib/router/index.js:346:12)\n    at next (/Users/bharatbhushan/Desktop/kirayedaar_nodejs/node_modules/express/lib/router/index.js:280:10)\n    at router.handle (/Users/bharatbhushan/Desktop/kirayedaar_nodejs/node_modules/express/lib/router/index.js:175:3)\n    at router (/Users/bharatbhushan/Desktop/kirayedaar_nodejs/node_modules/express/lib/router/index.js:47:12)","statusCode":422,"timestamp":"2026-04-26 08:48:39"}
{"level":"info","message":"::1 - - [26/Apr/2026:03:18:39 +0000] \"POST /api/contact HTTP/1.1\" 422 1315 \"http://localhost:5174/\" \"Mozilla/5.0 (Macintosh; Intel Mac OS X 10_15_7) AppleWebKit/537.36 (KHTML, like Gecko) Chrome/145.0.0.0 Safari/537.36\"","timestamp":"2026-04-26 08:48:39"}
{"level":"info","message":"[Contact] New inquiry from abc@hail.com — subject: landlord","timestamp":"2026-04-26 08:48:45"}
{"level":"info","message":"::1 - - [26/Apr/2026:03:18:45 +0000] \"POST /api/contact HTTP/1.1\" 201 128 \"http://localhost:5174/\" \"Mozilla/5.0 (Macintosh; Intel Mac OS X 10_15_7) AppleWebKit/537.36 (KHTML, like Gecko) Chrome/145.0.0.0 Safari/537.36\"","timestamp":"2026-04-26 08:48:45"}
{"level":"info","message":"Server running on port 5001 [development]","timestamp":"2026-04-26 08:49:06"}
{"level":"info","message":"Server running on port 5001 [development]","timestamp":"2026-04-26 08:49:08"}
{"level":"info","message":"Server running on port 5001 [development]","timestamp":"2026-04-26 08:49:11"}
{"level":"info","message":"Server running on port 5001 [development]","timestamp":"2026-04-26 08:49:13"}
{"level":"info","message":"Server running on port 5001 [development]","timestamp":"2026-04-26 08:49:14"}
{"level":"info","message":"Server running on port 5001 [development]","timestamp":"2026-04-26 08:49:19"}
{"level":"info","message":"Server running on port 5001 [development]","timestamp":"2026-04-26 08:49:20"}
{"level":"info","message":"Server running on port 5001 [development]","timestamp":"2026-04-26 08:49:24"}
{"level":"info","message":"Server running on port 5001 [development]","timestamp":"2026-04-26 08:49:33"}
{"level":"info","message":"Server running on port 5001 [development]","timestamp":"2026-04-26 08:49:38"}
{"level":"info","message":"Server running on port 5001 [development]","timestamp":"2026-04-26 08:49:42"}
{"level":"info","message":"Server running on port 5001 [development]","timestamp":"2026-04-26 08:49:52"}
{"level":"info","message":"Server running on port 5001 [development]","timestamp":"2026-04-26 08:53:47"}
{"level":"info","message":"Server running on port 5001 [development]","timestamp":"2026-04-26 08:54:15"}
{"level":"info","message":"Server running on port 5001 [development]","timestamp":"2026-04-26 08:54:20"}
{"level":"info","message":"[Waitlist] New signup: 9034610452 (LANDLORD) — Gautam Buddha Nagar","timestamp":"2026-04-26 09:04:54"}
{"level":"info","message":"::1 - - [26/Apr/2026:03:34:54 +0000] \"POST /api/waitlist HTTP/1.1\" 201 111 \"-\" \"Mozilla/5.0 (Macintosh; Intel Mac OS X 10_15_7) AppleWebKit/537.36 (KHTML, like Gecko) Chrome/145.0.0.0 Safari/537.36\"","timestamp":"2026-04-26 09:04:54"}
{"level":"info","message":"[Contact] New inquiry from bhushanbharat.2907@gmail.com — subject: tenant","timestamp":"2026-04-26 09:05:24"}
{"level":"info","message":"::1 - - [26/Apr/2026:03:35:24 +0000] \"POST /api/contact HTTP/1.1\" 201 128 \"-\" \"Mozilla/5.0 (Macintosh; Intel Mac OS X 10_15_7) AppleWebKit/537.36 (KHTML, like Gecko) Chrome/145.0.0.0 Safari/537.36\"","timestamp":"2026-04-26 09:05:24"}
